Unity Editor version:    2022.3.19f1 (244b723c30a6)
Branch:                  2022.3/staging
Build type:              Release
Batch mode:              YES
macOS version:           Version 14.2 (Build 23C64)
Darwin version:          23.2.0
Architecture:            arm64
Running under Rosetta:   NO
Available memory:        16384 MB
Using pre-set license
Pro License: YES

COMMAND LINE ARGUMENTS:
/Applications/Unity/Hub/Editor/2022.3.19f1/Unity.app/Contents/MacOS/Unity
-adb2
-batchMode
-noUpm
-name
AssetImportWorker4
-projectPath
/Users/davidshukhin/Documents/GitHub/Unity/IMD_Whimsical_Adventure
-logFile
Logs/AssetImportWorker4.log
-srvPort
61927
Successfully changed project path to: /Users/davidshukhin/Documents/GitHub/Unity/IMD_Whimsical_Adventure
/Users/davidshukhin/Documents/GitHub/Unity/IMD_Whimsical_Adventure
[UnityMemory] Configuration Parameters - Can be set up in boot.config
    "memorysetup-bucket-allocator-granularity=16"
    "memorysetup-bucket-allocator-bucket-count=8"
    "memorysetup-bucket-allocator-block-size=33554432"
    "memorysetup-bucket-allocator-block-count=8"
    "memorysetup-main-allocator-block-size=16777216"
    "memorysetup-thread-allocator-block-size=16777216"
    "memorysetup-gfx-main-allocator-block-size=16777216"
    "memorysetup-gfx-thread-allocator-block-size=16777216"
    "memorysetup-cache-allocator-block-size=4194304"
    "memorysetup-typetree-allocator-block-size=2097152"
    "memorysetup-profiler-bucket-allocator-granularity=16"
    "memorysetup-profiler-bucket-allocator-bucket-count=8"
    "memorysetup-profiler-bucket-allocator-block-size=33554432"
    "memorysetup-profiler-bucket-allocator-block-count=8"
    "memorysetup-profiler-allocator-block-size=16777216"
    "memorysetup-profiler-editor-allocator-block-size=1048576"
    "memorysetup-temp-allocator-size-main=16777216"
    "memorysetup-job-temp-allocator-block-size=2097152"
    "memorysetup-job-temp-allocator-block-size-background=1048576"
    "memorysetup-job-temp-allocator-reduction-small-platforms=262144"
    "memorysetup-allocator-temp-initial-block-size-main=262144"
    "memorysetup-allocator-temp-initial-block-size-worker=262144"
    "memorysetup-temp-allocator-size-background-worker=32768"
    "memorysetup-temp-allocator-size-job-worker=262144"
    "memorysetup-temp-allocator-size-preload-manager=33554432"
    "memorysetup-temp-allocator-size-nav-mesh-worker=65536"
    "memorysetup-temp-allocator-size-audio-worker=65536"
    "memorysetup-temp-allocator-size-cloud-worker=32768"
    "memorysetup-temp-allocator-size-gi-baking-worker=262144"
    "memorysetup-temp-allocator-size-gfx=262144"
Player connection [8088719360] Host "[IP] 10.104.133.206 [Port] 0 [Flags] 2 [Guid] 2851606868 [EditorId] 2851606868 [Version] 1048832 [Id] OSXEditor(0,wireless-10-104-133-206.umd.edu) [Debug] 1 [PackageName] OSXEditor [ProjectName] Editor" joined multi-casting on [225.0.0.222:54997]...

Player connection [8088719360] Host "[IP] 10.104.133.206 [Port] 0 [Flags] 2 [Guid] 2851606868 [EditorId] 2851606868 [Version] 1048832 [Id] OSXEditor(0,wireless-10-104-133-206.umd.edu) [Debug] 1 [PackageName] OSXEditor [ProjectName] Editor" joined alternative multi-casting on [225.0.0.222:34997]...

[Physics::Module] Initialized MultithreadedJobDispatcher with 7 workers.
Refreshing native plugins compatible for Editor in 19.62 ms, found 2 plugins.
Preloading 0 native plugins for Editor in 0.00 ms.
Initialize engine version: 2022.3.19f1 (244b723c30a6)
[Subsystems] Discovering subsystems at path /Applications/Unity/Hub/Editor/2022.3.19f1/Unity.app/Contents/Resources/UnitySubsystems
[Subsystems] Discovering subsystems at path /Users/davidshukhin/Documents/GitHub/Unity/IMD_Whimsical_Adventure/Assets
GfxDevice: creating device client; threaded=0; jobified=0
 preferred device: Apple M1 Pro (high power)
Metal devices available: 1
0: Apple M1 Pro (high power)
Using device Apple M1 Pro (high power)
Initializing Metal device caps: Apple M1 Pro
Initialize mono
Mono path[0] = '/Applications/Unity/Hub/Editor/2022.3.19f1/Unity.app/Contents/Managed'
Mono path[1] = '/Applications/Unity/Hub/Editor/2022.3.19f1/Unity.app/Contents/MonoBleedingEdge/lib/mono/unityjit-macos'
Mono config path = '/Applications/Unity/Hub/Editor/2022.3.19f1/Unity.app/Contents/MonoBleedingEdge/etc'
Using monoOptions --debugger-agent=transport=dt_socket,embedding=1,server=y,suspend=n,address=127.0.0.1:56084
Begin MonoManager ReloadAssembly
Registering precompiled unity dll's ...
Register platform support module: /Applications/Unity/Hub/Editor/2022.3.19f1/Unity.app/Contents/PlaybackEngines/MacStandaloneSupport/UnityEditor.OSXStandalone.Extensions.dll
Registered in 0.001971 seconds.
- Loaded All Assemblies, in  0.291 seconds
Native extension for OSXStandalone target not found
Mono: successfully reloaded assembly
- Finished resetting the current domain, in  0.188 seconds
Domain Reload Profiling: 479ms
	BeginReloadAssembly (101ms)
		ExecutionOrderSort (0ms)
		DisableScriptedObjects (0ms)
		BackupInstance (0ms)
		ReleaseScriptingObjects (0ms)
		CreateAndSetChildDomain (1ms)
	RebuildCommonClasses (27ms)
	RebuildNativeTypeToScriptingClass (8ms)
	initialDomainReloadingComplete (41ms)
	LoadAllAssembliesAndSetupDomain (115ms)
		LoadAssemblies (103ms)
		RebuildTransferFunctionScriptingTraits (0ms)
		AnalyzeDomain (110ms)
			TypeCache.Refresh (110ms)
				TypeCache.ScanAssembly (96ms)
			ScanForSourceGeneratedMonoScriptInfo (0ms)
			ResolveRequiredComponents (0ms)
	FinalizeReload (188ms)
		ReleaseScriptCaches (0ms)
		RebuildScriptCaches (0ms)
		SetupLoadedEditorAssemblies (148ms)
			LogAssemblyErrors (0ms)
			InitializePlatformSupportModulesInManaged (5ms)
			SetLoadedEditorAssemblies (5ms)
			RefreshPlugins (0ms)
			BeforeProcessingInitializeOnLoad (1ms)
			ProcessInitializeOnLoadAttributes (101ms)
			ProcessInitializeOnLoadMethodAttributes (35ms)
			AfterProcessingInitializeOnLoad (0ms)
			EditorAssembliesLoaded (0ms)
		ExecutionOrderSort2 (0ms)
		AwakeInstancesAfterBackupRestoration (0ms)
========================================================================
Worker process is ready to serve import requests
Begin MonoManager ReloadAssembly
- Loaded All Assemblies, in  0.870 seconds
Refreshing native plugins compatible for Editor in 1.92 ms, found 2 plugins.
Native extension for OSXStandalone target not found
Package Manager log level set to [2]
[Package Manager] Server::EnsureServerProcessIsRunning -- launch failed, reason: Unity was launched with the -noUpm command-line argument
[Package Manager] UpmClient::Send -- Unable to send message (not connected to UPM process).
[Package Manager] Cannot connect to Unity Package Manager local server
Mono: successfully reloaded assembly
- Finished resetting the current domain, in  0.600 seconds
Domain Reload Profiling: 1473ms
	BeginReloadAssembly (193ms)
		ExecutionOrderSort (0ms)
		DisableScriptedObjects (3ms)
		BackupInstance (0ms)
		ReleaseScriptingObjects (0ms)
		CreateAndSetChildDomain (107ms)
	RebuildCommonClasses (24ms)
	RebuildNativeTypeToScriptingClass (8ms)
	initialDomainReloadingComplete (25ms)
	LoadAllAssembliesAndSetupDomain (622ms)
		LoadAssemblies (402ms)
		RebuildTransferFunctionScriptingTraits (0ms)
		AnalyzeDomain (254ms)
			TypeCache.Refresh (228ms)
				TypeCache.ScanAssembly (198ms)
			ScanForSourceGeneratedMonoScriptInfo (17ms)
			ResolveRequiredComponents (8ms)
	FinalizeReload (601ms)
		ReleaseScriptCaches (0ms)
		RebuildScriptCaches (0ms)
		SetupLoadedEditorAssemblies (472ms)
			LogAssemblyErrors (0ms)
			InitializePlatformSupportModulesInManaged (2ms)
			SetLoadedEditorAssemblies (2ms)
			RefreshPlugins (0ms)
			BeforeProcessingInitializeOnLoad (53ms)
			ProcessInitializeOnLoadAttributes (392ms)
			ProcessInitializeOnLoadMethodAttributes (21ms)
			AfterProcessingInitializeOnLoad (1ms)
			EditorAssembliesLoaded (0ms)
		ExecutionOrderSort2 (0ms)
		AwakeInstancesAfterBackupRestoration (2ms)
Launching external process: /Applications/Unity/Hub/Editor/2022.3.19f1/Unity.app/Contents/Tools/UnityShaderCompiler
Launched and connected shader compiler UnityShaderCompiler after 0.25 seconds
Refreshing native plugins compatible for Editor in 1.28 ms, found 2 plugins.
Preloading 0 native plugins for Editor in 0.00 ms.
Unloading 7119 Unused Serialized files (Serialized files now loaded: 0)
Unloading 235 unused Assets / (12.7 MB). Loaded Objects now: 7451.
Memory consumption went from 335.0 MB to 322.2 MB.
Total: 13.894417 ms (FindLiveObjects: 0.298541 ms CreateObjectMapping: 0.092333 ms MarkObjects: 3.751334 ms  DeleteObjects: 9.751625 ms)

AssetImportParameters requested are different than current active one (requested -> active):
  custom:container-demuxer-ogg: 62fdf1f143b41e24485cea50d1cbac27 -> 
  custom:container-muxer-webm: aa71ff27fc2769a1b78a27578f13a17b -> 
  custom:video-decoder-webm-vp8: 9c59270c3fd7afecdb556c50c9e8de78 -> 
  custom:SearchIndexIgnoredProperties: e643bd26f0fe6173181afceb89e7c659 -> 
  custom:AudioImporter_EditorPlatform: 3918e3fc78b5a79bad01e8451be0beb8 -> 
  custom:audio-decoder-ogg-vorbis: bf7c407c2cedff20999df2af8eb42d56 -> 
  custom:audio-encoder-webm-vorbis: bf7c407c2cedff20999df2af8eb42d56 -> 
  custom:video-decoder-ogg-theora: a1e56fd34408186e4bbccfd4996cb3dc -> 
  custom:CustomObjectIndexerAttribute: 0f5f72dab822025b0759b197a3119d15 -> 
  custom:container-demuxer-webm: 4f35f7cbe854078d1ac9338744f61a02 -> 
  custom:framework-osx-AVFoundation: e770b220cccbd017edd2c1fefb359320 -> 
  custom:video-encoder-webm-vp8: eb34c28f22e8b96e1ab97ce403110664 -> 
========================================================================
Received Import Request.
  Time since last request: 987471.313838 seconds.
  path: Assets/Forest/Portal_01.fbx
  artifactKey: Guid(4d20e12e2b94fc44293c5212ebfe107f) Importer(815301076,1909f56bfc062723c751e8b465ee728b)
Start importing Assets/Forest/Portal_01.fbx using Guid(4d20e12e2b94fc44293c5212ebfe107f) Importer(815301076,1909f56bfc062723c751e8b465ee728b)  -> (artifact id: '56401a67f319ac369eede36413f51517') in 0.519176 seconds
Number of updated asset objects reloaded before import = 0
Number of asset objects unloaded after import = 15
========================================================================
Received Import Request.
  Time since last request: 29.017633 seconds.
  path: Assets/Forest/mushroom-monk
  artifactKey: Guid(a73843b755caa4a87a3af8eb53aaa3d1) Importer(815301076,1909f56bfc062723c751e8b465ee728b)
Start importing Assets/Forest/mushroom-monk using Guid(a73843b755caa4a87a3af8eb53aaa3d1) Importer(815301076,1909f56bfc062723c751e8b465ee728b)  -> (artifact id: '5a41190f7e27817b3773f0fbab8a4aff') in 0.001577 seconds
Number of updated asset objects reloaded before import = 0
Number of asset objects unloaded after import = 0
========================================================================
Received Import Request.
  Time since last request: 1.358771 seconds.
  path: Assets/Forest/mushroom-warrior
  artifactKey: Guid(077e90448d76e448b98329bdfb6410b5) Importer(815301076,1909f56bfc062723c751e8b465ee728b)
Start importing Assets/Forest/mushroom-warrior using Guid(077e90448d76e448b98329bdfb6410b5) Importer(815301076,1909f56bfc062723c751e8b465ee728b)  -> (artifact id: 'a97b34202586befc48d9101dec81d260') in 0.000949 seconds
Number of updated asset objects reloaded before import = 0
Number of asset objects unloaded after import = 0
========================================================================
Received Import Request.
  Time since last request: 4.176991 seconds.
  path: Assets/Forest/mushroom-warrior/source
  artifactKey: Guid(c01b21c6d68e3409b90b4ee3d7036bb8) Importer(815301076,1909f56bfc062723c751e8b465ee728b)
Start importing Assets/Forest/mushroom-warrior/source using Guid(c01b21c6d68e3409b90b4ee3d7036bb8) Importer(815301076,1909f56bfc062723c751e8b465ee728b)  -> (artifact id: 'dbaa5a78e333fe74e7301322e4f5d4e9') in 0.001226 seconds
Number of updated asset objects reloaded before import = 0
Number of asset objects unloaded after import = 0
========================================================================
Received Import Request.
  Time since last request: 0.257169 seconds.
  path: Assets/Forest/mushroom-warrior/source/Breathing Idle.fbx
  artifactKey: Guid(75e366f2872c84a3497ec841991670a1) Importer(815301076,1909f56bfc062723c751e8b465ee728b)
Start importing Assets/Forest/mushroom-warrior/source/Breathing Idle.fbx using Guid(75e366f2872c84a3497ec841991670a1) Importer(815301076,1909f56bfc062723c751e8b465ee728b)  -> (artifact id: '6a97a4d7e5ee12af18b61073d1884da6') in 0.233543 seconds
Number of updated asset objects reloaded before import = 0
Number of asset objects unloaded after import = 215
========================================================================
Received Import Request.
  Time since last request: 298.423013 seconds.
  path: Assets/Forest/mushroom-monk/source
  artifactKey: Guid(a218cf75991bc4a13bda8f1e7c136aa3) Importer(815301076,1909f56bfc062723c751e8b465ee728b)
Start importing Assets/Forest/mushroom-monk/source using Guid(a218cf75991bc4a13bda8f1e7c136aa3) Importer(815301076,1909f56bfc062723c751e8b465ee728b)  -> (artifact id: 'd37b4278db2bfb08f02843f7a1c136f4') in 0.003288 seconds
Number of updated asset objects reloaded before import = 0
Number of asset objects unloaded after import = 0
========================================================================
Received Import Request.
  Time since last request: 0.016783 seconds.
  path: Assets/Forest/mushroom-monk/source/Mush to mmset .fbx
  artifactKey: Guid(58374a34c3504456c979a5f5e48a5dc7) Importer(815301076,1909f56bfc062723c751e8b465ee728b)
Start importing Assets/Forest/mushroom-monk/source/Mush to mmset .fbx using Guid(58374a34c3504456c979a5f5e48a5dc7) Importer(815301076,1909f56bfc062723c751e8b465ee728b)  -> (artifact id: '1f715786e7e413c356ad53917a0d1a6d') in 0.135678 seconds
Number of updated asset objects reloaded before import = 0
Number of asset objects unloaded after import = 40
========================================================================
Received Prepare
Begin MonoManager ReloadAssembly
Thread 0x2ab007000 may have been prematurely finalized
- Loaded All Assemblies, in  0.469 seconds
Refreshing native plugins compatible for Editor in 1.23 ms, found 2 plugins.
Native extension for OSXStandalone target not found
[Package Manager] Server::EnsureServerProcessIsRunning -- launch failed, reason: Unity was launched with the -noUpm command-line argument
[Package Manager] UpmClient::Send -- Unable to send message (not connected to UPM process).
[Package Manager] Cannot connect to Unity Package Manager local server
Mono: successfully reloaded assembly
- Finished resetting the current domain, in  1.563 seconds
Domain Reload Profiling: 2031ms
	BeginReloadAssembly (166ms)
		ExecutionOrderSort (0ms)
		DisableScriptedObjects (3ms)
		BackupInstance (0ms)
		ReleaseScriptingObjects (0ms)
		CreateAndSetChildDomain (71ms)
	RebuildCommonClasses (25ms)
	RebuildNativeTypeToScriptingClass (9ms)
	initialDomainReloadingComplete (20ms)
	LoadAllAssembliesAndSetupDomain (248ms)
		LoadAssemblies (276ms)
		RebuildTransferFunctionScriptingTraits (0ms)
		AnalyzeDomain (28ms)
			TypeCache.Refresh (15ms)
				TypeCache.ScanAssembly (0ms)
			ScanForSourceGeneratedMonoScriptInfo (0ms)
			ResolveRequiredComponents (11ms)
	FinalizeReload (1563ms)
		ReleaseScriptCaches (0ms)
		RebuildScriptCaches (0ms)
		SetupLoadedEditorAssemblies (386ms)
			LogAssemblyErrors (0ms)
			InitializePlatformSupportModulesInManaged (3ms)
			SetLoadedEditorAssemblies (3ms)
			RefreshPlugins (0ms)
			BeforeProcessingInitializeOnLoad (67ms)
			ProcessInitializeOnLoadAttributes (292ms)
			ProcessInitializeOnLoadMethodAttributes (20ms)
			AfterProcessingInitializeOnLoad (1ms)
			EditorAssembliesLoaded (0ms)
		ExecutionOrderSort2 (0ms)
		AwakeInstancesAfterBackupRestoration (3ms)
Refreshing native plugins compatible for Editor in 2.05 ms, found 2 plugins.
Preloading 0 native plugins for Editor in 0.00 ms.
Unloading 6903 Unused Serialized files (Serialized files now loaded: 0)
Unloading 196 unused Assets / (12.7 MB). Loaded Objects now: 7499.
Memory consumption went from 291.7 MB to 279.0 MB.
Total: 5.953791 ms (FindLiveObjects: 0.303375 ms CreateObjectMapping: 0.088958 ms MarkObjects: 3.786333 ms  DeleteObjects: 1.773583 ms)

Prepare: number of updated asset objects reloaded= 0
AssetImportParameters requested are different than current active one (requested -> active):
  custom:container-demuxer-ogg: 62fdf1f143b41e24485cea50d1cbac27 -> 
  custom:container-muxer-webm: aa71ff27fc2769a1b78a27578f13a17b -> 
  custom:video-decoder-webm-vp8: 9c59270c3fd7afecdb556c50c9e8de78 -> 
  custom:SearchIndexIgnoredProperties: e643bd26f0fe6173181afceb89e7c659 -> 
  custom:AudioImporter_EditorPlatform: 3918e3fc78b5a79bad01e8451be0beb8 -> 
  custom:audio-decoder-ogg-vorbis: bf7c407c2cedff20999df2af8eb42d56 -> 
  custom:audio-encoder-webm-vorbis: bf7c407c2cedff20999df2af8eb42d56 -> 
  custom:video-decoder-ogg-theora: a1e56fd34408186e4bbccfd4996cb3dc -> 
  custom:CustomObjectIndexerAttribute: 0f5f72dab822025b0759b197a3119d15 -> 
  custom:container-demuxer-webm: 4f35f7cbe854078d1ac9338744f61a02 -> 
  custom:framework-osx-AVFoundation: e770b220cccbd017edd2c1fefb359320 -> 
  custom:video-encoder-webm-vp8: eb34c28f22e8b96e1ab97ce403110664 -> 
========================================================================
Received Prepare
Begin MonoManager ReloadAssembly
Thread 0x16d147000 may have been prematurely finalized
- Loaded All Assemblies, in  0.391 seconds
Refreshing native plugins compatible for Editor in 2.23 ms, found 2 plugins.
Native extension for OSXStandalone target not found
[Package Manager] Server::EnsureServerProcessIsRunning -- launch failed, reason: Unity was launched with the -noUpm command-line argument
[Package Manager] UpmClient::Send -- Unable to send message (not connected to UPM process).
[Package Manager] Cannot connect to Unity Package Manager local server
Mono: successfully reloaded assembly
- Finished resetting the current domain, in  1.410 seconds
Domain Reload Profiling: 1802ms
	BeginReloadAssembly (114ms)
		ExecutionOrderSort (0ms)
		DisableScriptedObjects (2ms)
		BackupInstance (0ms)
		ReleaseScriptingObjects (0ms)
		CreateAndSetChildDomain (50ms)
	RebuildCommonClasses (23ms)
	RebuildNativeTypeToScriptingClass (8ms)
	initialDomainReloadingComplete (16ms)
	LoadAllAssembliesAndSetupDomain (231ms)
		LoadAssemblies (237ms)
		RebuildTransferFunctionScriptingTraits (0ms)
		AnalyzeDomain (29ms)
			TypeCache.Refresh (13ms)
				TypeCache.ScanAssembly (0ms)
			ScanForSourceGeneratedMonoScriptInfo (0ms)
			ResolveRequiredComponents (15ms)
	FinalizeReload (1410ms)
		ReleaseScriptCaches (0ms)
		RebuildScriptCaches (0ms)
		SetupLoadedEditorAssemblies (429ms)
			LogAssemblyErrors (0ms)
			InitializePlatformSupportModulesInManaged (3ms)
			SetLoadedEditorAssemblies (6ms)
			RefreshPlugins (0ms)
			BeforeProcessingInitializeOnLoad (70ms)
			ProcessInitializeOnLoadAttributes (323ms)
			ProcessInitializeOnLoadMethodAttributes (27ms)
			AfterProcessingInitializeOnLoad (1ms)
			EditorAssembliesLoaded (0ms)
		ExecutionOrderSort2 (0ms)
		AwakeInstancesAfterBackupRestoration (2ms)
Refreshing native plugins compatible for Editor in 1.26 ms, found 2 plugins.
Preloading 0 native plugins for Editor in 0.00 ms.
Unloading 6904 Unused Serialized files (Serialized files now loaded: 0)
Unloading 196 unused Assets / (12.7 MB). Loaded Objects now: 7502.
Memory consumption went from 295.6 MB to 282.9 MB.
Total: 6.768917 ms (FindLiveObjects: 0.353000 ms CreateObjectMapping: 0.095750 ms MarkObjects: 4.528625 ms  DeleteObjects: 1.790875 ms)

Prepare: number of updated asset objects reloaded= 0
AssetImportParameters requested are different than current active one (requested -> active):
  custom:container-demuxer-ogg: 62fdf1f143b41e24485cea50d1cbac27 -> 
  custom:container-muxer-webm: aa71ff27fc2769a1b78a27578f13a17b -> 
  custom:video-decoder-webm-vp8: 9c59270c3fd7afecdb556c50c9e8de78 -> 
  custom:SearchIndexIgnoredProperties: e643bd26f0fe6173181afceb89e7c659 -> 
  custom:AudioImporter_EditorPlatform: 3918e3fc78b5a79bad01e8451be0beb8 -> 
  custom:audio-decoder-ogg-vorbis: bf7c407c2cedff20999df2af8eb42d56 -> 
  custom:audio-encoder-webm-vorbis: bf7c407c2cedff20999df2af8eb42d56 -> 
  custom:video-decoder-ogg-theora: a1e56fd34408186e4bbccfd4996cb3dc -> 
  custom:CustomObjectIndexerAttribute: 0f5f72dab822025b0759b197a3119d15 -> 
  custom:container-demuxer-webm: 4f35f7cbe854078d1ac9338744f61a02 -> 
  custom:framework-osx-AVFoundation: e770b220cccbd017edd2c1fefb359320 -> 
  custom:video-encoder-webm-vp8: eb34c28f22e8b96e1ab97ce403110664 -> 
========================================================================
Received Import Request.
  Time since last request: 694.095119 seconds.
  path: Assets/Forest/bloodborn-lantern
  artifactKey: Guid(d20cd57cc2a5b460ebeaffe7234d953a) Importer(815301076,1909f56bfc062723c751e8b465ee728b)
Start importing Assets/Forest/bloodborn-lantern using Guid(d20cd57cc2a5b460ebeaffe7234d953a) Importer(815301076,1909f56bfc062723c751e8b465ee728b)  -> (artifact id: '9801d6c7838614a3f98794723d576aee') in 0.055915 seconds
Number of updated asset objects reloaded before import = 0
Number of asset objects unloaded after import = 0
========================================================================
Received Import Request.
  Time since last request: 2.567889 seconds.
  path: Assets/Forest/bloodborn-lantern/source
  artifactKey: Guid(e321b8974ea9b47998aa7237dfbd44c7) Importer(815301076,1909f56bfc062723c751e8b465ee728b)
Start importing Assets/Forest/bloodborn-lantern/source using Guid(e321b8974ea9b47998aa7237dfbd44c7) Importer(815301076,1909f56bfc062723c751e8b465ee728b)  -> (artifact id: '66c578166235eac621f28556069fc6ec') in 0.005207 seconds
Number of updated asset objects reloaded before import = 0
Number of asset objects unloaded after import = 0
========================================================================
Received Import Request.
  Time since last request: 0.982540 seconds.
  path: Assets/Forest/bloodborn-lantern/source/Unity2Skfb
  artifactKey: Guid(5111db15c04f5448e8b25812a126e1a0) Importer(815301076,1909f56bfc062723c751e8b465ee728b)
Start importing Assets/Forest/bloodborn-lantern/source/Unity2Skfb using Guid(5111db15c04f5448e8b25812a126e1a0) Importer(815301076,1909f56bfc062723c751e8b465ee728b)  -> (artifact id: '55f83599afcb28e8f39d8a08446be007') in 0.001243 seconds
Number of updated asset objects reloaded before import = 0
Number of asset objects unloaded after import = 0
========================================================================
Received Import Request.
  Time since last request: 0.053896 seconds.
  path: Assets/Forest/bloodborn-lantern/source/Unity2Skfb/11164_lantern_AlbedoTransparency.jpg
  artifactKey: Guid(c1f33e608f54845fda45b5866d388301) Importer(815301076,1909f56bfc062723c751e8b465ee728b)
Start importing Assets/Forest/bloodborn-lantern/source/Unity2Skfb/11164_lantern_AlbedoTransparency.jpg using Guid(c1f33e608f54845fda45b5866d388301) Importer(815301076,1909f56bfc062723c751e8b465ee728b)  -> (artifact id: '458ca73ac1e41adbbbfd9f0e4950c6b3') in 0.298536 seconds
Number of updated asset objects reloaded before import = 0
Number of asset objects unloaded after import = 2
========================================================================
Received Import Request.
  Time since last request: 0.000720 seconds.
  path: Assets/Forest/bloodborn-lantern/source/Unity2Skfb/98084_lantern_MetallicSmoothness.png
  artifactKey: Guid(8f12a8aa993cc4842bab2be2741c5394) Importer(815301076,1909f56bfc062723c751e8b465ee728b)
Start importing Assets/Forest/bloodborn-lantern/source/Unity2Skfb/98084_lantern_MetallicSmoothness.png using Guid(8f12a8aa993cc4842bab2be2741c5394) Importer(815301076,1909f56bfc062723c751e8b465ee728b)  -> (artifact id: '72a5a1fddf6496e79047d82c1e9cff8c') in 0.010159 seconds
Number of updated asset objects reloaded before import = 0
Number of asset objects unloaded after import = 2
========================================================================
Received Import Request.
  Time since last request: 1.617877 seconds.
  path: Assets/Forest/bloodborn-lantern/source/Unity2Skfb/Unity2Skfb.bin
  artifactKey: Guid(55ad2afb13b6b4b7bb71cd4adbf8e61b) Importer(815301076,1909f56bfc062723c751e8b465ee728b)
Start importing Assets/Forest/bloodborn-lantern/source/Unity2Skfb/Unity2Skfb.bin using Guid(55ad2afb13b6b4b7bb71cd4adbf8e61b) Importer(815301076,1909f56bfc062723c751e8b465ee728b)  -> (artifact id: 'ce2dcff88682030faa99c366c9cdc19d') in 0.004219 seconds
Number of updated asset objects reloaded before import = 0
Number of asset objects unloaded after import = 1
========================================================================
Received Import Request.
  Time since last request: 2.320914 seconds.
  path: Assets/Forest/bloodborn-lantern/source/Unity2Skfb/Unity2Skfb.gltf
  artifactKey: Guid(54b1862c375c24f8a98afcb0107060d9) Importer(815301076,1909f56bfc062723c751e8b465ee728b)
Start importing Assets/Forest/bloodborn-lantern/source/Unity2Skfb/Unity2Skfb.gltf using Guid(54b1862c375c24f8a98afcb0107060d9) Importer(815301076,1909f56bfc062723c751e8b465ee728b)  -> (artifact id: 'd50450ed1214b219cb32fe1ff0349c11') in 0.002732 seconds
Number of updated asset objects reloaded before import = 0
Number of asset objects unloaded after import = 1
